{
    "meta": {
        "format": 2,
        "version": "7.4.1",
        "timestamp": "2024-02-02T18:59:43.288538",
        "branch_coverage": false,
        "show_contexts": false
    },
    "files": {
        "final_hw/__init__.py": {
            "executed_lines": [
                0
            ],
            "summary": {
                "covered_lines": 0,
                "num_statements": 0,
                "percent_covered": 100.0,
                "percent_covered_display": "100",
                "missing_lines": 0,
                "excluded_lines": 0
            },
            "missing_lines": [],
            "excluded_lines": []
        },
        "final_hw/average_value.py": {
            "executed_lines": [
                1,
                5,
                8,
                9,
                12,
                14,
                15,
                17,
                18,
                20,
                22,
                24,
                25,
                27,
                28,
                29,
                30,
                31,
                33,
                35,
                37,
                38,
                39,
                40,
                42
            ],
            "summary": {
                "covered_lines": 23,
                "num_statements": 23,
                "percent_covered": 100.0,
                "percent_covered_display": "100",
                "missing_lines": 0,
                "excluded_lines": 0
            },
            "missing_lines": [],
            "excluded_lines": []
        },
        "final_hw/main.py": {
            "executed_lines": [
                1,
                3,
                6,
                7,
                8,
                10,
                12,
                15
            ],
            "summary": {
                "covered_lines": 8,
                "num_statements": 9,
                "percent_covered": 88.88888888888889,
                "percent_covered_display": "89",
                "missing_lines": 1,
                "excluded_lines": 0
            },
            "missing_lines": [
                16
            ],
            "excluded_lines": []
        },
        "final_hw/tests/__init__.py": {
            "executed_lines": [
                0
            ],
            "summary": {
                "covered_lines": 0,
                "num_statements": 0,
                "percent_covered": 100.0,
                "percent_covered_display": "100",
                "missing_lines": 0,
                "excluded_lines": 0
            },
            "missing_lines": [],
            "excluded_lines": []
        },
        "final_hw/tests/test_average_value.py": {
            "executed_lines": [
                1,
                3,
                7,
                8,
                9,
                16,
                17,
                22,
                25,
                26,
                31,
                34,
                35,
                40,
                43,
                44,
                49,
                52,
                53,
                54,
                55,
                58,
                59,
                60,
                61,
                64,
                65,
                66,
                67,
                70,
                71,
                72,
                75,
                76,
                77,
                80,
                81,
                82,
                85,
                86,
                87,
                90,
                91,
                92,
                95,
                96,
                97,
                98,
                99,
                102,
                103,
                104,
                105,
                106,
                109,
                110,
                111,
                112,
                113
            ],
            "summary": {
                "covered_lines": 59,
                "num_statements": 59,
                "percent_covered": 100.0,
                "percent_covered_display": "100",
                "missing_lines": 0,
                "excluded_lines": 0
            },
            "missing_lines": [],
            "excluded_lines": []
        },
        "final_hw/tests/test_main.py": {
            "executed_lines": [
                1,
                3,
                4,
                7,
                8,
                9,
                10
            ],
            "summary": {
                "covered_lines": 7,
                "num_statements": 7,
                "percent_covered": 100.0,
                "percent_covered_display": "100",
                "missing_lines": 0,
                "excluded_lines": 0
            },
            "missing_lines": [],
            "excluded_lines": []
        }
    },
    "totals": {
        "covered_lines": 97,
        "num_statements": 98,
        "percent_covered": 98.9795918367347,
        "percent_covered_display": "99",
        "missing_lines": 1,
        "excluded_lines": 0
    }
}